<?xml version="1.0" encoding="UTF-8"?>
<coverage generated="1535385589154" clover="3.2.0">
  <project timestamp="1535385589154" name="All files">
    <metrics statements="13" coveredstatements="12" conditionals="14" coveredconditionals="13" methods="1" coveredmethods="1" elements="28" coveredelements="26" complexity="0" loc="13" ncloc="13" packages="1" files="1" classes="1">
      <file name="rankify.js" path="/Users/cammarda/code/vimn/ranking/server/lib/rankify.js">
        <metrics statements="13" coveredstatements="12" conditionals="14" coveredconditionals="13" methods="1" coveredmethods="1"/>
        <line num="1" count="1" type="stmt"/>
        <line num="3" count="1" type="stmt"/>
        <line num="5" count="1" type="stmt"/>
        <line num="6" count="7" type="stmt"/>
        <line num="7" count="7" type="stmt"/>
        <line num="9" count="7" type="stmt"/>
        <line num="10" count="7" type="cond" truecount="2" falsecount="0"/>
        <line num="12" count="7" type="cond" truecount="2" falsecount="0"/>
        <line num="16" count="7" type="cond" truecount="1" falsecount="1"/>
        <line num="17" count="0" type="stmt"/>
        <line num="21" count="7" type="stmt"/>
        <line num="29" count="7" type="stmt"/>
        <line num="32" count="1" type="stmt"/>
      </file>
    </metrics>
  </project>
</coverage>
