{"/Users/cammarda/code/vimn/ranking/server/lib/rankify.js": {"path":"/Users/cammarda/code/vimn/ranking/server/lib/rankify.js","statementMap":{"0":{"start":{"line":1,"column":12},"end":{"line":1,"column":28}},"1":{"start":{"line":3,"column":13},"end":{"line":7,"column":1}},"2":{"start":{"line":8,"column":18},"end":{"line":8,"column":21}},"3":{"start":{"line":9,"column":18},"end":{"line":9,"column":23}},"4":{"start":{"line":10,"column":12},"end":{"line":10,"column":47}},"5":{"start":{"line":12,"column":21},"end":{"line":14,"column":1}},"6":{"start":{"line":13,"column":2},"end":{"line":13,"column":53}},"7":{"start":{"line":16,"column":18},"end":{"line":34,"column":1}},"8":{"start":{"line":17,"column":25},"end":{"line":17,"column":80}},"9":{"start":{"line":18,"column":25},"end":{"line":18,"column":80}},"10":{"start":{"line":20,"column":20},"end":{"line":20,"column":145}},"11":{"start":{"line":21,"column":22},"end":{"line":21,"column":61}},"12":{"start":{"line":22,"column":22},"end":{"line":22,"column":61}},"13":{"start":{"line":23,"column":20},"end":{"line":23,"column":47}},"14":{"start":{"line":24,"column":20},"end":{"line":24,"column":47}},"15":{"start":{"line":25,"column":2},"end":{"line":25,"column":92}},"16":{"start":{"line":26,"column":2},"end":{"line":26,"column":92}},"17":{"start":{"line":27,"column":2},"end":{"line":27,"column":92}},"18":{"start":{"line":28,"column":2},"end":{"line":28,"column":92}},"19":{"start":{"line":30,"column":2},"end":{"line":33,"column":3}},"20":{"start":{"line":36,"column":0},"end":{"line":39,"column":1}}},"fnMap":{"0":{"name":"(anonymous_0)","decl":{"start":{"line":12,"column":21},"end":{"line":12,"column":22}},"loc":{"start":{"line":12,"column":52},"end":{"line":14,"column":1}},"line":12},"1":{"name":"(anonymous_1)","decl":{"start":{"line":16,"column":18},"end":{"line":16,"column":19}},"loc":{"start":{"line":16,"column":46},"end":{"line":34,"column":1}},"line":16}},"branchMap":{"0":{"loc":{"start":{"line":20,"column":20},"end":{"line":20,"column":145}},"type":"cond-expr","locations":[{"start":{"line":20,"column":54},"end":{"line":20,"column":98}},{"start":{"line":20,"column":101},"end":{"line":20,"column":145}}],"line":20},"1":{"loc":{"start":{"line":21,"column":22},"end":{"line":21,"column":61}},"type":"cond-expr","locations":[{"start":{"line":21,"column":56},"end":{"line":21,"column":57}},{"start":{"line":21,"column":60},"end":{"line":21,"column":61}}],"line":21},"2":{"loc":{"start":{"line":22,"column":22},"end":{"line":22,"column":61}},"type":"cond-expr","locations":[{"start":{"line":22,"column":56},"end":{"line":22,"column":57}},{"start":{"line":22,"column":60},"end":{"line":22,"column":61}}],"line":22}},"s":{"0":1,"1":1,"2":1,"3":1,"4":1,"5":1,"6":3,"7":1,"8":2,"9":2,"10":2,"11":2,"12":2,"13":2,"14":2,"15":2,"16":2,"17":2,"18":2,"19":2,"20":1},"f":{"0":3,"1":2},"b":{"0":[1,1],"1":[1,1],"2":[1,1]},"_coverageSchema":"332fd63041d2c1bcb487cc26dd0d5f7d97098a6c","hash":"f11cac405c1cca3771997744ceec965d4581f634"}
}
