{"/Users/cammarda/code/vimn/ranking/server/lib/rankify.js": {"path":"/Users/cammarda/code/vimn/ranking/server/lib/rankify.js","statementMap":{"0":{"start":{"line":1,"column":12},"end":{"line":1,"column":28}},"1":{"start":{"line":3,"column":12},"end":{"line":3,"column":21}},"2":{"start":{"line":5,"column":18},"end":{"line":30,"column":1}},"3":{"start":{"line":6,"column":25},"end":{"line":6,"column":80}},"4":{"start":{"line":7,"column":25},"end":{"line":7,"column":80}},"5":{"start":{"line":9,"column":21},"end":{"line":9,"column":52}},"6":{"start":{"line":10,"column":22},"end":{"line":10,"column":66}},"7":{"start":{"line":12,"column":19},"end":{"line":14,"column":71}},"8":{"start":{"line":16,"column":2},"end":{"line":18,"column":3}},"9":{"start":{"line":17,"column":4},"end":{"line":17,"column":16}},"10":{"start":{"line":21,"column":20},"end":{"line":27,"column":3}},"11":{"start":{"line":29,"column":2},"end":{"line":29,"column":18}},"12":{"start":{"line":32,"column":0},"end":{"line":35,"column":1}}},"fnMap":{"0":{"name":"(anonymous_0)","decl":{"start":{"line":5,"column":18},"end":{"line":5,"column":19}},"loc":{"start":{"line":5,"column":46},"end":{"line":30,"column":1}},"line":5}},"branchMap":{"0":{"loc":{"start":{"line":10,"column":22},"end":{"line":10,"column":66}},"type":"binary-expr","locations":[{"start":{"line":10,"column":22},"end":{"line":10,"column":42}},{"start":{"line":10,"column":46},"end":{"line":10,"column":66}}],"line":10},"1":{"loc":{"start":{"line":12,"column":19},"end":{"line":14,"column":71}},"type":"cond-expr","locations":[{"start":{"line":13,"column":4},"end":{"line":13,"column":71}},{"start":{"line":14,"column":4},"end":{"line":14,"column":71}}],"line":12},"2":{"loc":{"start":{"line":16,"column":2},"end":{"line":18,"column":3}},"type":"if","locations":[{"start":{"line":16,"column":2},"end":{"line":18,"column":3}},{"start":{"line":16,"column":2},"end":{"line":18,"column":3}}],"line":16},"3":{"loc":{"start":{"line":22,"column":17},"end":{"line":22,"column":105}},"type":"cond-expr","locations":[{"start":{"line":22,"column":30},"end":{"line":22,"column":66}},{"start":{"line":22,"column":69},"end":{"line":22,"column":105}}],"line":22},"4":{"loc":{"start":{"line":23,"column":17},"end":{"line":23,"column":105}},"type":"cond-expr","locations":[{"start":{"line":23,"column":30},"end":{"line":23,"column":66}},{"start":{"line":23,"column":69},"end":{"line":23,"column":105}}],"line":23},"5":{"loc":{"start":{"line":24,"column":17},"end":{"line":24,"column":105}},"type":"cond-expr","locations":[{"start":{"line":24,"column":30},"end":{"line":24,"column":66}},{"start":{"line":24,"column":69},"end":{"line":24,"column":105}}],"line":24},"6":{"loc":{"start":{"line":25,"column":17},"end":{"line":25,"column":105}},"type":"cond-expr","locations":[{"start":{"line":25,"column":30},"end":{"line":25,"column":66}},{"start":{"line":25,"column":69},"end":{"line":25,"column":105}}],"line":25}},"s":{"0":1,"1":1,"2":1,"3":2,"4":2,"5":2,"6":2,"7":2,"8":2,"9":0,"10":2,"11":2,"12":1},"f":{"0":2},"b":{"0":[2,2],"1":[1,1],"2":[0,2],"3":[1,1],"4":[1,1],"5":[1,1],"6":[1,1]},"_coverageSchema":"332fd63041d2c1bcb487cc26dd0d5f7d97098a6c","hash":"9026f99404cf89066e902ceb7108dd092f197747"}
}
